[WARN] - (starship::configs::starship_root): Unknown config key 'docker'
[WARN] - (starship::configs::starship_root): Did you mean 'docker_context'?
[WARN] - (starship::configs::starship_root): Unknown config key 'haskell'
[WARN] - (starship::configs::starship_root): Did you mean 'shell'?
[WARN] - (starship::configs::starship_root): Unknown config key 'docker'
[WARN] - (starship::configs::starship_root): Did you mean 'docker_context'?
[WARN] - (starship::configs::starship_root): Unknown config key 'haskell'
[WARN] - (starship::configs::starship_root): Did you mean 'shell'?
[WARN] - (starship::configs::starship_root): Unknown config key 'docker'
[WARN] - (starship::configs::starship_root): Did you mean 'docker_context'?
[WARN] - (starship::configs::starship_root): Unknown config key 'haskell'
[WARN] - (starship::configs::starship_root): Did you mean 'shell'?
[WARN] - (starship::configs::character): Unknown config key 'use_symbol_for_status'
[WARN] - (starship::configs::starship_root): Unknown config key 'docker'
[WARN] - (starship::configs::starship_root): Did you mean 'docker_context'?
[WARN] - (starship::configs::starship_root): Unknown config key 'haskell'
[WARN] - (starship::configs::starship_root): Did you mean 'shell'?
[WARN] - (starship::configs::starship_root): Unknown config key 'docker'
[WARN] - (starship::configs::starship_root): Did you mean 'docker_context'?
[WARN] - (starship::configs::starship_root): Unknown config key 'haskell'
[WARN] - (starship::configs::starship_root): Did you mean 'shell'?
[WARN] - (starship::configs::starship_root): Unknown config key 'docker'
[WARN] - (starship::configs::starship_root): Did you mean 'docker_context'?
[WARN] - (starship::configs::starship_root): Unknown config key 'haskell'
[WARN] - (starship::configs::starship_root): Did you mean 'shell'?
[WARN] - (starship::configs::character): Unknown config key 'use_symbol_for_status'
[WARN] - (starship::configs::starship_root): Unknown config key 'docker'
[WARN] - (starship::configs::starship_root): Did you mean 'docker_context'?
[WARN] - (starship::configs::starship_root): Unknown config key 'haskell'
[WARN] - (starship::configs::starship_root): Did you mean 'shell'?
[WARN] - (starship::configs::starship_root): Unknown config key 'docker'
[WARN] - (starship::configs::starship_root): Did you mean 'docker_context'?
[WARN] - (starship::configs::starship_root): Unknown config key 'haskell'
[WARN] - (starship::configs::starship_root): Did you mean 'shell'?
[WARN] - (starship::configs::starship_root): Unknown config key 'docker'
[WARN] - (starship::configs::starship_root): Did you mean 'docker_context'?
[WARN] - (starship::configs::starship_root): Unknown config key 'haskell'
[WARN] - (starship::configs::starship_root): Did you mean 'shell'?
[WARN] - (starship::configs::character): Unknown config key 'use_symbol_for_status'
[WARN] - (starship::configs::starship_root): Unknown config key 'docker'
[WARN] - (starship::configs::starship_root): Did you mean 'docker_context'?
[WARN] - (starship::configs::starship_root): Unknown config key 'haskell'
[WARN] - (starship::configs::starship_root): Did you mean 'shell'?
[WARN] - (starship::configs::starship_root): Unknown config key 'docker'
[WARN] - (starship::configs::starship_root): Did you mean 'docker_context'?
[WARN] - (starship::configs::starship_root): Unknown config key 'haskell'
[WARN] - (starship::configs::starship_root): Did you mean 'shell'?
[WARN] - (starship::configs::starship_root): Unknown config key 'docker'
[WARN] - (starship::configs::starship_root): Did you mean 'docker_context'?
[WARN] - (starship::configs::starship_root): Unknown config key 'haskell'
[WARN] - (starship::configs::starship_root): Did you mean 'shell'?
[WARN] - (starship::configs::character): Unknown config key 'use_symbol_for_status'
[WARN] - (starship::configs::starship_root): Unknown config key 'docker'
[WARN] - (starship::configs::starship_root): Did you mean 'docker_context'?
[WARN] - (starship::configs::starship_root): Unknown config key 'haskell'
[WARN] - (starship::configs::starship_root): Did you mean 'shell'?
[WARN] - (starship::configs::starship_root): Unknown config key 'docker'
[WARN] - (starship::configs::starship_root): Did you mean 'docker_context'?
[WARN] - (starship::configs::starship_root): Unknown config key 'haskell'
[WARN] - (starship::configs::starship_root): Did you mean 'shell'?
[WARN] - (starship::configs::starship_root): Unknown config key 'docker'
[WARN] - (starship::configs::starship_root): Did you mean 'docker_context'?
[WARN] - (starship::configs::starship_root): Unknown config key 'haskell'
[WARN] - (starship::configs::starship_root): Did you mean 'shell'?
[WARN] - (starship::configs::character): Unknown config key 'use_symbol_for_status'
[WARN] - (starship::configs::starship_root): Unknown config key 'docker'
[WARN] - (starship::configs::starship_root): Did you mean 'docker_context'?
[WARN] - (starship::configs::starship_root): Unknown config key 'haskell'
[WARN] - (starship::configs::starship_root): Did you mean 'shell'?
[WARN] - (starship::configs::starship_root): Unknown config key 'docker'
[WARN] - (starship::configs::starship_root): Did you mean 'docker_context'?
[WARN] - (starship::configs::starship_root): Unknown config key 'haskell'
[WARN] - (starship::configs::starship_root): Did you mean 'shell'?
[WARN] - (starship::configs::starship_root): Unknown config key 'docker'
[WARN] - (starship::configs::starship_root): Did you mean 'docker_context'?
[WARN] - (starship::configs::starship_root): Unknown config key 'haskell'
[WARN] - (starship::configs::starship_root): Did you mean 'shell'?
[WARN] - (starship::configs::character): Unknown config key 'use_symbol_for_status'
[WARN] - (starship::configs::starship_root): Unknown config key 'docker'
[WARN] - (starship::configs::starship_root): Did you mean 'docker_context'?
[WARN] - (starship::configs::starship_root): Unknown config key 'haskell'
[WARN] - (starship::configs::starship_root): Did you mean 'shell'?
[WARN] - (starship::configs::starship_root): Unknown config key 'docker'
[WARN] - (starship::configs::starship_root): Did you mean 'docker_context'?
[WARN] - (starship::configs::starship_root): Unknown config key 'haskell'
[WARN] - (starship::configs::starship_root): Did you mean 'shell'?
[WARN] - (starship::configs::starship_root): Unknown config key 'docker'
[WARN] - (starship::configs::starship_root): Did you mean 'docker_context'?
[WARN] - (starship::configs::starship_root): Unknown config key 'haskell'
[WARN] - (starship::configs::starship_root): Did you mean 'shell'?
[WARN] - (starship::configs::character): Unknown config key 'use_symbol_for_status'
[WARN] - (starship::configs::starship_root): Unknown config key 'docker'
[WARN] - (starship::configs::starship_root): Did you mean 'docker_context'?
[WARN] - (starship::configs::starship_root): Unknown config key 'haskell'
[WARN] - (starship::configs::starship_root): Did you mean 'shell'?
[WARN] - (starship::configs::starship_root): Unknown config key 'docker'
[WARN] - (starship::configs::starship_root): Did you mean 'docker_context'?
[WARN] - (starship::configs::starship_root): Unknown config key 'haskell'
[WARN] - (starship::configs::starship_root): Did you mean 'shell'?
[WARN] - (starship::configs::starship_root): Unknown config key 'docker'
[WARN] - (starship::configs::starship_root): Did you mean 'docker_context'?
[WARN] - (starship::configs::starship_root): Unknown config key 'haskell'
[WARN] - (starship::configs::starship_root): Did you mean 'shell'?
[WARN] - (starship::configs::character): Unknown config key 'use_symbol_for_status'
[WARN] - (starship::configs::starship_root): Unknown config key 'docker'
[WARN] - (starship::configs::starship_root): Did you mean 'docker_context'?
[WARN] - (starship::configs::starship_root): Unknown config key 'haskell'
[WARN] - (starship::configs::starship_root): Did you mean 'shell'?
[WARN] - (starship::configs::starship_root): Unknown config key 'docker'
[WARN] - (starship::configs::starship_root): Did you mean 'docker_context'?
[WARN] - (starship::configs::starship_root): Unknown config key 'haskell'
[WARN] - (starship::configs::starship_root): Did you mean 'shell'?
[WARN] - (starship::configs::starship_root): Unknown config key 'docker'
[WARN] - (starship::configs::starship_root): Did you mean 'docker_context'?
[WARN] - (starship::configs::starship_root): Unknown config key 'haskell'
[WARN] - (starship::configs::starship_root): Did you mean 'shell'?
[WARN] - (starship::configs::character): Unknown config key 'use_symbol_for_status'
[WARN] - (starship::configs::starship_root): Unknown config key 'docker'
[WARN] - (starship::configs::starship_root): Did you mean 'docker_context'?
[WARN] - (starship::configs::starship_root): Unknown config key 'haskell'
[WARN] - (starship::configs::starship_root): Did you mean 'shell'?
[WARN] - (starship::configs::starship_root): Unknown config key 'docker'
[WARN] - (starship::configs::starship_root): Did you mean 'docker_context'?
[WARN] - (starship::configs::starship_root): Unknown config key 'haskell'
[WARN] - (starship::configs::starship_root): Did you mean 'shell'?
[WARN] - (starship::configs::starship_root): Unknown config key 'docker'
[WARN] - (starship::configs::starship_root): Did you mean 'docker_context'?
[WARN] - (starship::configs::starship_root): Unknown config key 'haskell'
[WARN] - (starship::configs::starship_root): Did you mean 'shell'?
[WARN] - (starship::configs::character): Unknown config key 'use_symbol_for_status'
[WARN] - (starship::configs::starship_root): Unknown config key 'docker'
[WARN] - (starship::configs::starship_root): Did you mean 'docker_context'?
[WARN] - (starship::configs::starship_root): Unknown config key 'haskell'
[WARN] - (starship::configs::starship_root): Did you mean 'shell'?
[WARN] - (starship::configs::starship_root): Unknown config key 'docker'
[WARN] - (starship::configs::starship_root): Did you mean 'docker_context'?
[WARN] - (starship::configs::starship_root): Unknown config key 'haskell'
[WARN] - (starship::configs::starship_root): Did you mean 'shell'?
[WARN] - (starship::configs::starship_root): Unknown config key 'docker'
[WARN] - (starship::configs::starship_root): Did you mean 'docker_context'?
[WARN] - (starship::configs::starship_root): Unknown config key 'haskell'
[WARN] - (starship::configs::starship_root): Did you mean 'shell'?
[WARN] - (starship::configs::character): Unknown config key 'use_symbol_for_status'
